EBS/build/outputs/logs/manifest-merger-release-report.txt
-- Merging decision tree log ---
manifest
ADDED from Apsara\EBS\AndroidManifest.xml:2:1-52:12
INJECTED from Apsara\EBS\AndroidManifest.xml:2:1-52:12
INJECTED from Apsara\EBS\AndroidManifest.xml:2:1-52:12
INJECTED from Apsara\EBS\AndroidManifest.xml:2:1-52:12
INJECTED from Apsara\EBS\AndroidManifest.xml:2:1-52:12
INJECTED from Apsara\EBS\AndroidManifest.xml:2:1-52:12
INJECTED from Apsara\EBS\AndroidManifest.xml:2:1-52:12
	package
		ADDED from Apsara\EBS\AndroidManifest.xml:3:5-34
		INJECTED from Apsara\EBS\AndroidManifest.xml
		INJECTED from Apsara\EBS\AndroidManifest.xml
	android:versionName
		ADDED from Apsara\EBS\AndroidManifest.xml:5:5-30
		INJECTED from Apsara\EBS\AndroidManifest.xml
		INJECTED from Apsara\EBS\AndroidManifest.xml
	xmlns:android
		ADDED from Apsara\EBS\AndroidManifest.xml:2:11-69
	android:versionCode
		ADDED from Apsara\EBS\AndroidManifest.xml:4:5-28
		INJECTED from Apsara\EBS\AndroidManifest.xml
		INJECTED from Apsara\EBS\AndroidManifest.xml
uses-sdk
ADDED from Apsara\EBS\AndroidManifest.xml:7:5-47
	android:targetSdkVersion
		ADDED from Apsara\EBS\AndroidManifest.xml:7:15-44
uses-permission#android.permission.INTERNET
ADDED from Apsara\EBS\AndroidManifest.xml:9:5-67
	android:name
		ADDED from Apsara\EBS\AndroidManifest.xml:9:22-64
uses-permission#android.permission.ACCESS_NETWORK_STATE
ADDED from Apsara\EBS\AndroidManifest.xml:10:5-79
	android:name
		ADDED from Apsara\EBS\AndroidManifest.xml:10:22-76
uses-permission#android.permission.WRITE_EXTERNAL_STORAGE
ADDED from Apsara\EBS\AndroidManifest.xml:11:5-81
	android:name
		ADDED from Apsara\EBS\AndroidManifest.xml:11:22-78
uses-permission#android.permission.READ_PHONE_STATE
ADDED from Apsara\EBS\AndroidManifest.xml:12:5-75
	android:name
		ADDED from Apsara\EBS\AndroidManifest.xml:12:22-72
uses-permission#android.permission.READ_EXTERNAL_STORAGE
ADDED from Apsara\EBS\AndroidManifest.xml:13:5-80
	android:name
		ADDED from Apsara\EBS\AndroidManifest.xml:13:22-77
application
ADDED from Apsara\EBS\AndroidManifest.xml:15:5-50:19
	android:label
		ADDED from Apsara\EBS\AndroidManifest.xml:17:9-41
	android:allowBackup
		ADDED from Apsara\EBS\AndroidManifest.xml:16:9-35
activity#com.ebs.android.sdk.PaymentDetailActivity
ADDED from Apsara\EBS\AndroidManifest.xml:18:9-22:20
	android:screenOrientation
		ADDED from Apsara\EBS\AndroidManifest.xml:21:13-49
	android:label
		ADDED from Apsara\EBS\AndroidManifest.xml:20:13-66
	android:name
		ADDED from Apsara\EBS\AndroidManifest.xml:19:13-69
activity#com.ebs.android.sdk.PaymentActivity
ADDED from Apsara\EBS\AndroidManifest.xml:23:9-28:20
	android:screenOrientation
		ADDED from Apsara\EBS\AndroidManifest.xml:26:13-49
	android:label
		ADDED from Apsara\EBS\AndroidManifest.xml:25:13-59
	android:windowSoftInputMode
		ADDED from Apsara\EBS\AndroidManifest.xml:27:13-52
	android:name
		ADDED from Apsara\EBS\AndroidManifest.xml:24:13-63
activity#com.ebs.android.sdk.WebViewActivity
ADDED from Apsara\EBS\AndroidManifest.xml:29:9-36:20
	android:screenOrientation
		ADDED from Apsara\EBS\AndroidManifest.xml:32:13-49
	android:label
		ADDED from Apsara\EBS\AndroidManifest.xml:31:13-59
	android:windowSoftInputMode
		ADDED from Apsara\EBS\AndroidManifest.xml:34:13-86
	android:configChanges
		ADDED from Apsara\EBS\AndroidManifest.xml:33:13-63
	android:name
		ADDED from Apsara\EBS\AndroidManifest.xml:30:13-63
activity#com.ebs.android.sdk.EBSHomeConfigurableActivity
ADDED from Apsara\EBS\AndroidManifest.xml:37:9-41:20
	android:screenOrientation
		ADDED from Apsara\EBS\AndroidManifest.xml:40:13-49
	android:label
		ADDED from Apsara\EBS\AndroidManifest.xml:39:13-77
	android:name
		ADDED from Apsara\EBS\AndroidManifest.xml:38:13-75
activity#com.ebs.android.sdk.PaymentFailureActivity
ADDED from Apsara\EBS\AndroidManifest.xml:42:9-45:20
	android:label
		ADDED from Apsara\EBS\AndroidManifest.xml:44:13-67
	android:name
		ADDED from Apsara\EBS\AndroidManifest.xml:43:13-70
activity#com.ebs.android.sdk.IdleTimeOut
ADDED from Apsara\EBS\AndroidManifest.xml:46:9-49:20
	android:label
		ADDED from Apsara\EBS\AndroidManifest.xml:48:13-65
	android:name
		ADDED from Apsara\EBS\AndroidManifest.xml:47:13-59